2023-09-26 14:15:10, 521 SherlokHolmes [ERROR] null
2023-09-26 14:16:03, 443 SherlokHolmes [ERROR] null
2023-09-26 14:16:03, 444 SherlokHolmes [ERROR] input was not a number
2023-09-26 14:16:03, 595 SherlokHolmes [ERROR] input was not a number
2023-09-26 14:16:08, 946 SherlokHolmes [ERROR] null
2023-09-26 14:16:30, 788 SherlokHolmes [ERROR] input was not a number
2023-09-26 14:16:32, 708 SherlokHolmes [ERROR] null
2023-09-26 14:16:48, 368 SherlokHolmes [ERROR] input was not a number
2023-09-26 14:16:52, 671 EncryptionLogger [INFO] key file created
2023-09-26 14:16:52, 672 EncryptionLogger [INFO] the file is in: /Users/snir/IdeaProjects/SherlokHolmes/src/main/resources/files/a_key.txt
2023-09-26 14:16:52, 675 EncryptionLogger [INFO] Starting to encrypt a.txt
2023-09-26 14:16:52, 687 EncryptionLogger [INFO] Finished Encryption. the encryption for file a.txt with algorithm Double of Repeat of Xor with 7 repetition and Double of ShiftUp and Double of Xor and ShiftUp took 1 milliseconds. the encrypted file is located in /Users/snir/IdeaProjects/SherlokHolmes/src/main/resources/files/a.txt
2023-09-26 14:18:08, EncryptionLogger [INFO] key file created
2023-09-26 14:18:08, EncryptionLogger [INFO] the file is in: /Users/snir/IdeaProjects/SherlokHolmes/src/main/resources/files/a_key.txt
2023-09-26 14:18:08, EncryptionLogger [INFO] Starting to encrypt a.txt
2023-09-26 14:18:08, EncryptionLogger [INFO] Finished Encryption. the encryption for file a.txt with algorithm Double of Repeat of Xor with 7 repetition and Double of ShiftUp and Double of Xor and ShiftUp took 1 milliseconds. the encrypted file is located in /Users/snir/IdeaProjects/SherlokHolmes/src/main/resources/files/a.txt2023-09-26 14:37:04, SherlokHolmes [ERROR] null
2023-09-26 14:38:27, SherlokHolmes [ERROR] No line found
2023-09-26 14:38:27, SherlokHolmes [ERROR] No line found
2023-09-26 14:38:27, SherlokHolmes [ERROR] No line found
2023-09-26 14:38:27, SherlokHolmes [ERROR] No line found
2023-09-26 14:38:27, SherlokHolmes [ERROR] No line found
2023-09-26 14:38:27, SherlokHolmes [ERROR] No line found
2023-09-26 14:38:27, SherlokHolmes [ERROR] No line found
2023-09-26 14:38:27, SherlokHolmes [ERROR] No line found
2023-09-26 14:38:27, SherlokHolmes [ERROR] No line found
2023-09-26 14:38:27, SherlokHolmes [ERROR] No line found
2023-09-26 14:38:27, SherlokHolmes [ERROR] No line found
2023-09-26 14:38:27, SherlokHolmes [ERROR] No line found
2023-09-26 14:38:27, SherlokHolmes [ERROR] No line found
2023-09-26 14:38:27, SherlokHolmes [ERROR] No line found
2023-09-26 14:38:27, SherlokHolmes [ERROR] No line found
2023-09-26 14:38:27, SherlokHolmes [ERROR] No line found
2023-09-26 14:38:27, SherlokHolmes [ERROR] No line found
2023-09-26 14:38:27, SherlokHolmes [ERROR] No line found
2023-09-26 14:38:27, SherlokHolmes [ERROR] No line found
2023-09-26 14:38:27, SherlokHolmes [ERROR] No line found
2023-09-26 14:38:27, SherlokHolmes [ERROR] No line found
2023-09-26 14:38:27, SherlokHolmes [ERROR] No line found
2023-09-26 14:38:27, SherlokHolmes [ERROR] No line found
2023-09-26 14:38:27, SherlokHolmes [ERROR] No line found
2023-09-26 14:38:27, SherlokHolmes [ERROR] No line found
2023-09-26 14:38:27, SherlokHolmes [ERROR] No line found
2023-09-26 14:38:27, SherlokHolmes [ERROR] No line found
2023-09-26 14:38:27, SherlokHolmes [ERROR] No line found
2023-09-26 14:38:27, SherlokHolmes [ERROR] No line found
2023-09-26 14:38:27, SherlokHolmes [ERROR] No line found
2023-09-26 14:38:27, SherlokHolmes [ERROR] No line found
2023-09-26 14:38:27, SherlokHolmes [ERROR] No line found
2023-09-26 14:38:27, SherlokHolmes [ERROR] No line found
2023-09-26 14:38:27, SherlokHolmes [ERROR] No line found
2023-09-26 14:38:27, SherlokHolmes [ERROR] No line found
2023-09-26 14:38:27, SherlokHolmes [ERROR] No line found
2023-09-26 14:38:27, SherlokHolmes [ERROR] No line found
2023-09-26 14:38:27, SherlokHolmes [ERROR] No line found
2023-09-26 14:38:27, SherlokHolmes [ERROR] No line found
2023-09-26 14:38:27, SherlokHolmes [ERROR] No line found
2023-09-26 14:38:27, SherlokHolmes [ERROR] No line found
2023-09-26 14:38:27, SherlokHolmes [ERROR] No line found
2023-09-26 14:38:27, SherlokHolmes [ERROR] No line found
2023-09-26 14:38:27, SherlokHolmes [ERROR] No line found
2023-09-26 14:38:27, SherlokHolmes [ERROR] No line found
2023-09-26 14:38:27, SherlokHolmes [ERROR] No line found
2023-09-26 14:38:27, SherlokHolmes [ERROR] No line found
2023-09-26 14:38:27, SherlokHolmes [ERROR] No line found
2023-09-26 14:38:27, SherlokHolmes [ERROR] No line found
2023-09-26 14:38:27, SherlokHolmes [ERROR] No line found
2023-09-26 14:38:27, SherlokHolmes [ERROR] No line found
2023-09-26 14:38:27, SherlokHolmes [ERROR] No line found
2023-09-26 14:38:27, SherlokHolmes [ERROR] No line found
2023-09-26 14:38:27, SherlokHolmes [ERROR] No line found
2023-09-26 14:38:27, SherlokHolmes [ERROR] No line found
2023-09-26 14:38:27, SherlokHolmes [ERROR] No line found
2023-09-26 14:38:27, SherlokHolmes [ERROR] No line found
2023-09-26 14:38:27, SherlokHolmes [ERROR] No line found
2023-09-26 14:38:27, SherlokHolmes [ERROR] No line found
2023-09-26 14:38:27, SherlokHolmes [ERROR] No line found
2023-09-26 14:38:27, SherlokHolmes [ERROR] No line found
2023-09-26 14:38:27, SherlokHolmes [ERROR] No line found
2023-09-26 14:38:27, SherlokHolmes [ERROR] No line found
2023-09-26 14:38:27, SherlokHolmes [ERROR] No line found
2023-09-26 14:38:27, SherlokHolmes [ERROR] No line found
2023-09-26 14:38:27, SherlokHolmes [ERROR] No line found
2023-09-26 14:38:27, SherlokHolmes [ERROR] No line found
2023-09-26 14:38:27, SherlokHolmes [ERROR] No line found
2023-09-26 14:38:27, SherlokHolmes [ERROR] No line found
2023-09-26 14:38:27, SherlokHolmes [ERROR] No line found
2023-09-26 14:38:27, SherlokHolmes [ERROR] No line found
2023-09-26 14:38:27, SherlokHolmes [ERROR] No line found
2023-09-26 14:38:27, SherlokHolmes [ERROR] No line found
2023-09-26 14:38:27, SherlokHolmes [ERROR] No line found
2023-09-26 14:38:27, SherlokHolmes [ERROR] No line found
2023-09-26 14:38:27, SherlokHolmes [ERROR] No line found
2023-09-26 14:38:27, SherlokHolmes [ERROR] No line found
2023-09-26 14:38:27, SherlokHolmes [ERROR] No line found
2023-09-26 14:38:27, SherlokHolmes [ERROR] No line found
2023-09-26 14:38:27, SherlokHolmes [ERROR] No line found
2023-09-26 14:38:27, SherlokHolmes [ERROR] No line found
2023-09-26 14:38:27, SherlokHolmes [ERROR] No line found
2023-09-26 14:38:27, SherlokHolmes [ERROR] No line found
2023-09-26 14:38:27, SherlokHolmes [ERROR] No line found
2023-09-26 14:38:27, SherlokHolmes [ERROR] No line found
2023-09-26 14:38:27, SherlokHolmes [ERROR] No line found
2023-09-26 14:38:27, SherlokHolmes [ERROR] No line found
2023-09-26 14:38:27, SherlokHolmes [ERROR] No line found
2023-09-26 14:38:27, SherlokHolmes [ERROR] No line found
2023-09-26 14:38:27, SherlokHolmes [ERROR] No line found
2023-09-26 14:38:27, SherlokHolmes [ERROR] No line found
2023-09-26 14:38:27, SherlokHolmes [ERROR] No line found
2023-09-26 14:38:27, SherlokHolmes [ERROR] No line found
2023-09-26 14:38:27, SherlokHolmes [ERROR] No line found
2023-09-26 14:38:27, SherlokHolmes [ERROR] No line found
2023-09-26 14:38:27, SherlokHolmes [ERROR] No line found
2023-09-26 14:38:27, SherlokHolmes [ERROR] No line found
2023-09-26 14:38:27, SherlokHolmes [ERROR] No line found
2023-09-26 14:38:27, SherlokHolmes [ERROR] No line found
2023-09-26 14:38:27, SherlokHolmes [ERROR] No line found
2023-09-26 14:38:27, SherlokHolmes [ERROR] No line found
2023-09-26 14:38:27, SherlokHolmes [ERROR] No line found
2023-09-26 14:38:27, SherlokHolmes [ERROR] No line found
2023-09-26 14:38:27, SherlokHolmes [ERROR] No line found
2023-09-26 14:38:27, SherlokHolmes [ERROR] No line found
2023-09-26 14:38:27, SherlokHolmes [ERROR] No line found
2023-09-26 14:38:27, SherlokHolmes [ERROR] No line found
2023-09-26 14:38:27, SherlokHolmes [ERROR] No line found
2023-09-26 14:38:27, SherlokHolmes [ERROR] No line found
2023-09-26 14:38:27, SherlokHolmes [ERROR] No line found
2023-09-26 14:38:27, SherlokHolmes [ERROR] No line found
2023-09-26 14:38:27, SherlokHolmes [ERROR] No line found
2023-09-26 14:38:27, SherlokHolmes [ERROR] No line found
2023-09-26 14:38:27, SherlokHolmes [ERROR] No line found
2023-09-26 14:38:27, SherlokHolmes [ERROR] No line found
2023-09-26 14:38:27, SherlokHolmes [ERROR] No line found
2023-09-26 14:38:27, SherlokHolmes [ERROR] No line found
2023-09-26 14:38:27, SherlokHolmes [ERROR] No line found
2023-09-26 14:38:27, SherlokHolmes [ERROR] No line found
2023-09-26 14:38:27, SherlokHolmes [ERROR] No line found
2023-09-26 14:38:27, SherlokHolmes [ERROR] No line found
2023-09-26 14:38:27, SherlokHolmes [ERROR] No line found
2023-09-26 14:38:27, SherlokHolmes [ERROR] No line found
2023-09-26 14:38:27, SherlokHolmes [ERROR] No line found
2023-09-26 14:38:27, SherlokHolmes [ERROR] No line found
2023-09-26 14:38:27, SherlokHolmes [ERROR] No line found
2023-09-26 14:38:27, SherlokHolmes [ERROR] No line found
2023-09-26 14:38:27, SherlokHolmes [ERROR] No line found
2023-09-26 14:38:27, SherlokHolmes [ERROR] No line found
2023-09-26 14:38:27, SherlokHolmes [ERROR] No line found
2023-09-26 14:38:27, SherlokHolmes [ERROR] No line found
2023-09-26 14:38:27, SherlokHolmes [ERROR] No line found
2023-09-26 14:38:27, SherlokHolmes [ERROR] No line found
2023-09-26 14:38:27, SherlokHolmes [ERROR] No line found
2023-09-26 14:38:27, SherlokHolmes [ERROR] No line found
2023-09-26 14:38:27, SherlokHolmes [ERROR] No line found
2023-09-26 14:38:27, SherlokHolmes [ERROR] No line found
2023-09-26 14:38:27, SherlokHolmes [ERROR] No line found
2023-09-26 14:38:27, SherlokHolmes [ERROR] No line found
2023-09-26 14:38:27, SherlokHolmes [ERROR] No line found
2023-09-26 14:38:27, SherlokHolmes [ERROR] No line found
2023-09-26 14:38:27, SherlokHolmes [ERROR] No line found
2023-09-26 14:38:27, SherlokHolmes [ERROR] No line found
2023-09-26 14:38:27, SherlokHolmes [ERROR] No line found
2023-09-26 14:38:27, SherlokHolmes [ERROR] No line found
2023-09-26 14:38:27, SherlokHolmes [ERROR] No line found
2023-09-26 14:38:27, SherlokHolmes [ERROR] No line found
2023-09-26 14:38:27, SherlokHolmes [ERROR] No line found
2023-09-26 14:38:27, SherlokHolmes [ERROR] No line found
2023-09-26 14:38:27, SherlokHolmes [ERROR] No line found
2023-09-26 14:38:27, SherlokHolmes [ERROR] No line found
2023-09-26 14:38:27, SherlokHolmes [ERROR] No line found
2023-09-26 14:38:27, SherlokHolmes [ERROR] No line found
2023-09-26 14:38:27, SherlokHolmes [ERROR] No line found
2023-09-26 14:38:27, SherlokHolmes [ERROR] No line found
2023-09-26 14:38:27, SherlokHolmes [ERROR] No line found
2023-09-26 14:38:27, SherlokHolmes [ERROR] No line found
2023-09-26 14:38:27, SherlokHolmes [ERROR] No line found
2023-09-26 14:38:27, SherlokHolmes [ERROR] No line found
2023-09-26 14:38:27, SherlokHolmes [ERROR] No line found
2023-09-26 14:38:27, SherlokHolmes [ERROR] No line found
2023-09-26 14:38:27, SherlokHolmes [ERROR] No line found
2023-09-26 14:38:27, SherlokHolmes [ERROR] No line found
2023-09-26 14:38:27, SherlokHolmes [ERROR] No line found
2023-09-26 14:38:27, SherlokHolmes [ERROR] No line found
2023-09-26 14:38:27, SherlokHolmes [ERROR] No line found
2023-09-26 14:38:27, SherlokHolmes [ERROR] No line found
2023-09-26 14:38:27, SherlokHolmes [ERROR] No line found
2023-09-26 14:38:27, SherlokHolmes [ERROR] No line found
2023-09-26 14:38:27, SherlokHolmes [ERROR] No line found
2023-09-26 14:38:27, SherlokHolmes [ERROR] No line found
2023-09-26 14:38:27, SherlokHolmes [ERROR] No line found
2023-09-26 14:38:27, SherlokHolmes [ERROR] No line found
2023-09-26 14:38:27, SherlokHolmes [ERROR] No line found
2023-09-26 14:38:27, SherlokHolmes [ERROR] No line found
2023-09-26 14:38:27, SherlokHolmes [ERROR] No line found
2023-09-26 14:38:27, SherlokHolmes [ERROR] No line found
2023-09-26 14:38:27, SherlokHolmes [ERROR] No line found
2023-09-26 14:38:27, SherlokHolmes [ERROR] No line found
2023-09-26 14:38:27, SherlokHolmes [ERROR] No line found
2023-09-26 14:38:27, SherlokHolmes [ERROR] No line found
2023-09-26 14:38:27, SherlokHolmes [ERROR] No line found
2023-09-26 14:38:27, SherlokHolmes [ERROR] No line found
2023-09-26 14:38:27, SherlokHolmes [ERROR] No line found
2023-09-26 14:38:27, SherlokHolmes [ERROR] No line found
2023-09-26 14:38:27, SherlokHolmes [ERROR] No line found
2023-09-26 14:38:27, SherlokHolmes [ERROR] No line found
2023-09-26 14:38:27, SherlokHolmes [ERROR] No line found
2023-09-26 14:38:27, SherlokHolmes [ERROR] No line found
2023-09-26 14:38:27, SherlokHolmes [ERROR] No line found
2023-09-26 14:38:27, SherlokHolmes [ERROR] No line found
2023-09-26 14:38:27, SherlokHolmes [ERROR] No line found
2023-09-26 14:38:27, SherlokHolmes [ERROR] No line found
2023-09-26 14:38:27, SherlokHolmes [ERROR] No line found
2023-09-26 14:38:27, SherlokHolmes [ERROR] No line found
2023-09-26 14:38:27, SherlokHolmes [ERROR] No line found
2023-09-26 14:38:27, SherlokHolmes [ERROR] No line found
2023-09-26 14:38:27, SherlokHolmes [ERROR] No line found
2023-09-26 14:38:27, SherlokHolmes [ERROR] No line found
2023-09-26 14:38:27, SherlokHolmes [ERROR] No line found
2023-09-26 14:38:27, SherlokHolmes [ERROR] No line found
2023-09-26 14:38:27, SherlokHolmes [ERROR] No line found
2023-09-26 14:38:27, SherlokHolmes [ERROR] No line found
2023-09-26 14:38:27, SherlokHolmes [ERROR] No line found
2023-09-26 14:38:34, SherlokHolmes [ERROR] invalid action
2023-09-26 14:38:50, SherlokHolmes [ERROR] input was not a number
2023-09-26 18:28:01, SherlokHolmes [ERROR] No line found
2023-09-26 18:28:01, SherlokHolmes [ERROR] No line found
2023-09-26 18:28:01, SherlokHolmes [ERROR] No line found
2023-09-26 18:28:01, SherlokHolmes [ERROR] No line found
2023-09-26 18:28:01, SherlokHolmes [ERROR] No line found
2023-09-26 18:28:01, SherlokHolmes [ERROR] No line found
2023-09-26 18:28:01, SherlokHolmes [ERROR] No line found
2023-09-26 18:28:01, SherlokHolmes [ERROR] No line found
2023-09-26 18:28:01, SherlokHolmes [ERROR] No line found
2023-09-26 18:28:01, SherlokHolmes [ERROR] No line found
2023-09-26 18:28:01, SherlokHolmes [ERROR] No line found
2023-09-26 18:28:01, SherlokHolmes [ERROR] No line found
2023-09-26 18:28:01, SherlokHolmes [ERROR] No line found
2023-09-26 18:28:01, SherlokHolmes [ERROR] No line found
2023-09-26 18:28:01, SherlokHolmes [ERROR] No line found
2023-09-26 18:28:01, SherlokHolmes [ERROR] No line found
2023-09-26 18:28:01, SherlokHolmes [ERROR] No line found
2023-09-26 18:28:01, SherlokHolmes [ERROR] No line found
2023-09-26 18:28:01, SherlokHolmes [ERROR] No line found
2023-09-26 18:28:01, SherlokHolmes [ERROR] No line found
2023-09-26 18:28:01, SherlokHolmes [ERROR] No line found
2023-09-26 18:28:01, SherlokHolmes [ERROR] No line found
2023-09-26 18:28:01, SherlokHolmes [ERROR] No line found
2023-09-26 18:28:01, SherlokHolmes [ERROR] No line found
2023-09-26 18:28:01, SherlokHolmes [ERROR] No line found
2023-09-26 18:28:01, SherlokHolmes [ERROR] No line found
2023-09-26 18:28:01, SherlokHolmes [ERROR] No line found
2023-09-26 20:01:25, SherlokHolmes [ERROR] null
2023-09-26 20:01:33, SherlokHolmes [ERROR] input was not a number
2023-09-26 20:01:42, SherlokHolmes [ERROR] null
2023-09-26 20:02:06, SherlokHolmes [ERROR] null
2023-09-26 20:02:45, EncryptionLogger [INFO] key file created
2023-09-26 20:02:45, EncryptionLogger [INFO] the file is in: /Users/snir/IdeaProjects/SherlokHolmes/src/main/resources/files/a_key.txt
2023-09-26 20:02:45, EncryptionLogger [INFO] Starting to encrypt a.txt
2023-09-26 20:02:45, EncryptionLogger [INFO] Finished Encryption. the encryption for file a.txt with algorithm Double of Repeat of Xor with 7 repetition and Double of ShiftUp and Double of Xor and ShiftUp took 2 milliseconds. the encrypted file is located in /Users/snir/IdeaProjects/SherlokHolmes/src/main/resources/files/a.txt
2023-09-26 20:02:47, SherlokHolmes [ERROR] /Users/snir/IdeaProjects/SherlokHolmes/src/main/resources/files/a_encrypted_key.txt (No such file or directory)
2023-09-26 20:03:07, EncryptionLogger [INFO] Starting to decrypt a_encrypted.txt
2023-09-26 20:03:07, EncryptionLogger [INFO] Finished Decryption. the decryption for file a_encrypted.txt with algorithm Double of Repeat of Xor with 7 repetition and Double of ShiftUp and Double of Xor and ShiftUp took 2milliseconds. The decrypted file is located in /Users/snir/IdeaProjects/SherlokHolmes/src/main/resources/files/a_encrypted.txt
2023-09-27 17:33:59, EncryptionLogger [INFO] key file created
2023-09-27 17:33:59, EncryptionLogger [INFO] the file is in: /Users/snir/IdeaProjects/SherlokHolmes/src/main/resources/files/a_key.txt
2023-09-27 17:33:59, EncryptionLogger [INFO] Starting to encrypt a.txt
2023-09-27 17:33:59, EncryptionLogger [INFO] Finished Encryption. the encryption for file a.txt with algorithm Double of Repeat of Xor with 7 repetition and Double of ShiftUp and Double of Xor and ShiftUp took 4 milliseconds. the encrypted file is located in /Users/snir/IdeaProjects/SherlokHolmes/src/main/resources/files/a.txt
2023-09-27 17:34:26, SherlokHolmes [ERROR] No line found
2023-09-27 17:34:26, SherlokHolmes [ERROR] No line found
2023-09-27 17:34:26, SherlokHolmes [ERROR] No line found
2023-09-27 17:34:26, SherlokHolmes [ERROR] No line found
2023-09-27 17:34:26, SherlokHolmes [ERROR] No line found
2023-09-27 17:34:26, SherlokHolmes [ERROR] No line found
2023-09-27 17:34:26, SherlokHolmes [ERROR] No line found
2023-09-27 17:34:26, SherlokHolmes [ERROR] No line found
2023-09-27 17:34:26, SherlokHolmes [ERROR] No line found
2023-09-27 17:34:26, SherlokHolmes [ERROR] No line found
2023-09-27 17:34:26, SherlokHolmes [ERROR] No line found
2023-09-27 17:34:26, SherlokHolmes [ERROR] No line found
2023-09-27 17:34:26, SherlokHolmes [ERROR] No line found
2023-09-27 17:34:26, SherlokHolmes [ERROR] No line found
2023-09-27 17:34:26, SherlokHolmes [ERROR] No line found
2023-09-27 17:34:26, SherlokHolmes [ERROR] No line found
2023-09-27 17:34:26, SherlokHolmes [ERROR] No line found
2023-09-27 17:34:26, SherlokHolmes [ERROR] No line found
2023-09-27 17:34:26, SherlokHolmes [ERROR] No line found
2023-09-27 17:34:26, SherlokHolmes [ERROR] No line found
2023-09-27 17:34:26, SherlokHolmes [ERROR] No line found
2023-09-27 17:34:26, SherlokHolmes [ERROR] No line found
2023-09-27 17:34:26, SherlokHolmes [ERROR] No line found
2023-09-27 17:34:26, SherlokHolmes [ERROR] No line found
2023-09-27 17:34:26, SherlokHolmes [ERROR] No line found
2023-09-27 17:34:26, SherlokHolmes [ERROR] No line found
2023-09-27 17:34:26, SherlokHolmes [ERROR] No line found
2023-09-27 17:34:26, SherlokHolmes [ERROR] No line found
2023-09-27 17:34:26, SherlokHolmes [ERROR] No line found
2023-09-27 17:34:26, SherlokHolmes [ERROR] No line found
2023-09-27 17:34:26, SherlokHolmes [ERROR] No line found
2023-09-27 17:34:26, SherlokHolmes [ERROR] No line found
2023-09-27 17:34:26, SherlokHolmes [ERROR] No line found
2023-09-27 17:34:26, SherlokHolmes [ERROR] No line found
2023-09-27 17:34:26, SherlokHolmes [ERROR] No line found
2023-09-27 17:34:26, SherlokHolmes [ERROR] No line found
2023-09-27 17:34:26, SherlokHolmes [ERROR] No line found
2023-09-27 17:34:26, SherlokHolmes [ERROR] No line found
2023-09-27 17:34:26, SherlokHolmes [ERROR] No line found
2023-09-27 17:34:26, SherlokHolmes [ERROR] No line found
2023-09-27 17:34:26, SherlokHolmes [ERROR] No line found
2023-09-27 17:34:26, SherlokHolmes [ERROR] No line found
2023-09-27 17:34:26, SherlokHolmes [ERROR] No line found
2023-09-27 17:34:26, SherlokHolmes [ERROR] No line found
2023-09-27 17:34:26, SherlokHolmes [ERROR] No line found
2023-09-27 17:34:26, SherlokHolmes [ERROR] No line found
2023-09-27 17:34:26, SherlokHolmes [ERROR] No line found
2023-09-27 17:34:26, SherlokHolmes [ERROR] No line found
2023-09-27 17:34:26, SherlokHolmes [ERROR] No line found
2023-09-27 17:34:26, SherlokHolmes [ERROR] No line found
2023-09-27 17:34:26, SherlokHolmes [ERROR] No line found
2023-09-27 17:34:26, SherlokHolmes [ERROR] No line found
2023-09-27 17:34:26, SherlokHolmes [ERROR] No line found
2023-09-27 17:34:26, SherlokHolmes [ERROR] No line found
2023-09-27 17:34:26, SherlokHolmes [ERROR] No line found
2023-09-27 17:34:26, SherlokHolmes [ERROR] No line found
2023-09-27 17:34:26, SherlokHolmes [ERROR] No line found
2023-09-27 17:34:26, SherlokHolmes [ERROR] No line found
2023-09-27 17:34:26, SherlokHolmes [ERROR] No line found
2023-09-27 17:34:26, SherlokHolmes [ERROR] No line found
2023-09-27 17:34:26, SherlokHolmes [ERROR] No line found
2023-09-27 17:34:26, SherlokHolmes [ERROR] No line found
2023-09-27 17:34:26, SherlokHolmes [ERROR] No line found
2023-09-27 17:34:26, SherlokHolmes [ERROR] No line found
2023-09-27 17:34:26, SherlokHolmes [ERROR] No line found
2023-09-27 17:34:26, SherlokHolmes [ERROR] No line found
2023-09-27 17:34:26, SherlokHolmes [ERROR] No line found
2023-09-27 17:34:26, SherlokHolmes [ERROR] No line found
2023-09-27 17:34:26, SherlokHolmes [ERROR] No line found
2023-09-27 17:34:26, SherlokHolmes [ERROR] No line found
2023-09-27 17:34:26, SherlokHolmes [ERROR] No line found
2023-09-27 17:34:26, SherlokHolmes [ERROR] No line found
2023-09-27 17:34:26, SherlokHolmes [ERROR] No line found
2023-09-27 17:34:26, SherlokHolmes [ERROR] No line found
2023-09-27 17:34:26, SherlokHolmes [ERROR] No line found
2023-09-27 17:34:26, SherlokHolmes [ERROR] No line found
2023-09-27 17:34:26, SherlokHolmes [ERROR] No line found
2023-09-27 17:34:26, SherlokHolmes [ERROR] No line found
2023-09-27 17:34:26, SherlokHolmes [ERROR] No line found
2023-09-27 17:34:26, SherlokHolmes [ERROR] No line found
2023-09-27 17:34:26, SherlokHolmes [ERROR] No line found
2023-09-27 17:34:26, SherlokHolmes [ERROR] No line found
2023-09-27 17:34:26, SherlokHolmes [ERROR] No line found
2023-09-27 17:34:26, SherlokHolmes [ERROR] No line found
2023-09-27 17:34:26, SherlokHolmes [ERROR] No line found
2023-09-27 17:34:26, SherlokHolmes [ERROR] No line found
2023-09-27 17:34:26, SherlokHolmes [ERROR] No line found
2023-09-27 17:34:26, SherlokHolmes [ERROR] No line found
2023-09-27 17:34:26, SherlokHolmes [ERROR] No line found
2023-09-27 17:34:26, SherlokHolmes [ERROR] No line found
2023-09-27 17:34:26, SherlokHolmes [ERROR] No line found
2023-09-27 17:34:26, SherlokHolmes [ERROR] No line found
2023-09-27 17:34:26, SherlokHolmes [ERROR] No line found
2023-09-27 17:34:26, SherlokHolmes [ERROR] No line found
2023-09-27 17:34:26, SherlokHolmes [ERROR] No line found
2023-09-27 17:34:26, SherlokHolmes [ERROR] No line found
2023-09-27 17:34:26, SherlokHolmes [ERROR] No line found
2023-09-27 17:34:26, SherlokHolmes [ERROR] No line found
2023-09-27 17:34:26, SherlokHolmes [ERROR] No line found
2023-09-27 17:34:26, SherlokHolmes [ERROR] No line found
2023-09-27 17:34:26, SherlokHolmes [ERROR] No line found
2023-09-27 17:34:26, SherlokHolmes [ERROR] No line found
2023-09-27 17:34:26, SherlokHolmes [ERROR] No line found
2023-09-27 17:34:26, SherlokHolmes [ERROR] No line found
2023-09-27 17:34:26, SherlokHolmes [ERROR] No line found
2023-09-27 17:34:26, SherlokHolmes [ERROR] No line found
2023-09-27 17:34:26, SherlokHolmes [ERROR] No line found
2023-09-27 17:34:26, SherlokHolmes [ERROR] No line found
2023-09-27 17:34:26, SherlokHolmes [ERROR] No line found
2023-09-27 17:34:26, SherlokHolmes [ERROR] No line found
2023-09-27 17:34:26, SherlokHolmes [ERROR] No line found
2023-09-27 17:34:26, SherlokHolmes [ERROR] No line found
2023-09-27 17:34:26, SherlokHolmes [ERROR] No line found
2023-09-27 17:34:26, SherlokHolmes [ERROR] No line found
2023-09-27 17:34:26, SherlokHolmes [ERROR] No line found
2023-09-27 17:34:26, SherlokHolmes [ERROR] No line found
2023-09-27 17:34:26, SherlokHolmes [ERROR] No line found
2023-09-27 17:34:26, SherlokHolmes [ERROR] No line found
2023-09-27 17:34:26, SherlokHolmes [ERROR] No line found
2023-09-27 17:34:26, SherlokHolmes [ERROR] No line found
2023-09-27 17:34:26, SherlokHolmes [ERROR] No line found
2023-09-27 17:34:26, SherlokHolmes [ERROR] No line found
2023-09-27 17:34:26, SherlokHolmes [ERROR] No line found
2023-09-27 17:34:26, SherlokHolmes [ERROR] No line found
2023-09-27 17:34:26, SherlokHolmes [ERROR] No line found
2023-09-27 17:34:26, SherlokHolmes [ERROR] No line found
2023-09-27 17:34:26, SherlokHolmes [ERROR] No line found
2023-09-27 17:34:26, SherlokHolmes [ERROR] No line found
2023-09-27 17:34:26, SherlokHolmes [ERROR] No line found
2023-09-27 17:34:26, SherlokHolmes [ERROR] No line found
2023-09-27 17:34:26, SherlokHolmes [ERROR] No line found
2023-09-27 17:34:26, SherlokHolmes [ERROR] No line found
2023-09-27 17:34:26, SherlokHolmes [ERROR] No line found
2023-09-27 17:34:26, SherlokHolmes [ERROR] No line found
2023-09-27 17:34:26, SherlokHolmes [ERROR] No line found
2023-09-27 17:34:26, SherlokHolmes [ERROR] No line found
2023-09-27 17:34:26, SherlokHolmes [ERROR] No line found
2023-09-27 17:34:26, SherlokHolmes [ERROR] No line found
2023-09-27 17:34:26, SherlokHolmes [ERROR] No line found
2023-09-27 17:34:26, SherlokHolmes [ERROR] No line found
2023-09-27 17:34:26, SherlokHolmes [ERROR] No line found
2023-09-27 17:34:26, SherlokHolmes [ERROR] No line found
2023-09-27 17:34:26, SherlokHolmes [ERROR] No line found
2023-09-27 17:34:26, SherlokHolmes [ERROR] No line found
2023-09-27 17:34:26, SherlokHolmes [ERROR] No line found
2023-09-27 17:34:26, SherlokHolmes [ERROR] No line found
2023-09-27 17:34:26, SherlokHolmes [ERROR] No line found
2023-09-27 17:34:26, SherlokHolmes [ERROR] No line found
2023-09-27 17:34:26, SherlokHolmes [ERROR] No line found
2023-09-27 17:34:26, SherlokHolmes [ERROR] No line found
2023-09-27 17:34:26, SherlokHolmes [ERROR] No line found
2023-09-27 17:34:26, SherlokHolmes [ERROR] No line found
2023-09-27 17:34:26, SherlokHolmes [ERROR] No line found
2023-09-27 17:34:26, SherlokHolmes [ERROR] No line found
2023-09-27 17:34:26, SherlokHolmes [ERROR] No line found
2023-09-27 17:34:26, SherlokHolmes [ERROR] No line found
2023-09-27 17:34:26, SherlokHolmes [ERROR] No line found
2023-09-27 17:34:26, SherlokHolmes [ERROR] No line found
2023-09-27 17:34:26, SherlokHolmes [ERROR] No line found
2023-09-27 17:34:26, SherlokHolmes [ERROR] No line found
2023-09-27 17:34:26, SherlokHolmes [ERROR] No line found
2023-09-27 17:34:26, SherlokHolmes [ERROR] No line found
2023-09-27 17:34:26, SherlokHolmes [ERROR] No line found
2023-09-27 17:34:26, SherlokHolmes [ERROR] No line found
2023-09-27 17:34:26, SherlokHolmes [ERROR] No line found
2023-09-27 17:34:26, SherlokHolmes [ERROR] No line found
2023-09-27 17:34:26, SherlokHolmes [ERROR] No line found
2023-09-27 17:34:26, SherlokHolmes [ERROR] No line found
2023-09-27 17:34:26, SherlokHolmes [ERROR] No line found
2023-09-27 17:34:26, SherlokHolmes [ERROR] No line found
2023-09-27 17:34:26, SherlokHolmes [ERROR] No line found
2023-09-27 17:34:26, SherlokHolmes [ERROR] No line found
2023-09-27 17:34:26, SherlokHolmes [ERROR] No line found
2023-09-27 17:34:26, SherlokHolmes [ERROR] No line found
2023-09-27 17:34:26, SherlokHolmes [ERROR] No line found
2023-09-27 17:34:26, SherlokHolmes [ERROR] No line found
2023-09-27 17:34:26, SherlokHolmes [ERROR] No line found
2023-09-27 17:34:26, SherlokHolmes [ERROR] No line found
2023-09-27 17:34:26, SherlokHolmes [ERROR] No line found
2023-09-27 17:34:26, SherlokHolmes [ERROR] No line found
2023-09-27 17:34:26, SherlokHolmes [ERROR] No line found
2023-09-27 17:34:26, SherlokHolmes [ERROR] No line found
2023-09-27 17:34:26, SherlokHolmes [ERROR] No line found
2023-09-27 17:34:26, SherlokHolmes [ERROR] No line found
2023-09-27 17:34:50, EncryptionLogger [INFO] Starting to decrypt a_encrypted.txt
2023-09-27 17:34:50, EncryptionLogger [INFO] Finished Decryption. the decryption for file a_encrypted.txt with algorithm Double of Repeat of Xor with 7 repetition and Double of ShiftUp and Double of Xor and ShiftUp took 3milliseconds. The decrypted file is located in /Users/snir/IdeaProjects/SherlokHolmes/src/main/resources/files/a_encrypted.txt
2023-09-27 17:35:11, EncryptionLogger [INFO] key file created
2023-09-27 17:35:11, EncryptionLogger [INFO] the file is in: /Users/snir/IdeaProjects/SherlokHolmes/src/main/resources/files/a_key.txt
2023-09-27 17:35:11, EncryptionLogger [INFO] Starting to encrypt a.txt
2023-09-27 17:35:11, EncryptionLogger [INFO] Finished Encryption. the encryption for file a.txt with algorithm Double of Repeat of Xor with 7 repetition and Double of ShiftUp and Double of Xor and ShiftUp took 1 milliseconds. the encrypted file is located in /Users/snir/IdeaProjects/SherlokHolmes/src/main/resources/files/a.txt
2023-09-27 17:35:13, EncryptionLogger [INFO] Starting to decrypt a_encrypted.txt
2023-09-27 17:35:13, EncryptionLogger [INFO] Finished Decryption. the decryption for file a_encrypted.txt with algorithm Double of Repeat of Xor with 7 repetition and Double of ShiftUp and Double of Xor and ShiftUp took 0milliseconds. The decrypted file is located in /Users/snir/IdeaProjects/SherlokHolmes/src/main/resources/files/a_encrypted.txt
2023-09-27 17:36:09, EncryptionLogger [INFO] key file created
2023-09-27 17:36:09, EncryptionLogger [INFO] the file is in: /Users/snir/IdeaProjects/SherlokHolmes/src/main/resources/files/a_key.txt
2023-09-27 17:36:09, EncryptionLogger [INFO] Starting to encrypt a.txt
2023-09-27 17:36:09, EncryptionLogger [INFO] Finished Encryption. the encryption for file a.txt with algorithm Double of Repeat of Xor with 7 repetition and Double of ShiftUp and Double of Xor and ShiftUp took 2 milliseconds. the encrypted file is located in /Users/snir/IdeaProjects/SherlokHolmes/src/main/resources/files/a.txt
2023-09-27 17:36:11, EncryptionLogger [INFO] Starting to decrypt a_encrypted.txt
2023-09-27 17:36:11, EncryptionLogger [INFO] Finished Decryption. the decryption for file a_encrypted.txt with algorithm Double of Repeat of Xor with 7 repetition and Double of ShiftUp and Double of Xor and ShiftUp took 1milliseconds. The decrypted file is located in /Users/snir/IdeaProjects/SherlokHolmes/src/main/resources/files/a_encrypted.txt
2023-09-27 20:41:01, EncryptionLogger [INFO] key file created
2023-09-27 20:41:01, EncryptionLogger [INFO] the file is in: /Users/snir/IdeaProjects/SherlokHolmes/src/main/resources/files/a_key.txt
2023-09-27 20:41:01, EncryptionLogger [INFO] Starting to encrypt a.txt
2023-09-27 20:41:01, EncryptionLogger [INFO] Finished Encryption. the encryption for file a.txt with algorithm Double of Repeat of Xor with 7 repetition and Double of ShiftUp and Double of Xor and ShiftUp took 1 milliseconds. the encrypted file is located in /Users/snir/IdeaProjects/SherlokHolmes/src/main/resources/files/a.txt
2023-09-27 20:41:19, EncryptionLogger [INFO] Starting to decrypt a_encrypted.txt
2023-09-27 20:41:19, EncryptionLogger [INFO] Finished Decryption. the decryption for file a_encrypted.txt with algorithm Double of Repeat of Xor with 7 repetition and Double of ShiftUp and Double of Xor and ShiftUp took 3milliseconds. The decrypted file is located in /Users/snir/IdeaProjects/SherlokHolmes/src/main/resources/files/a_encrypted.txt
2023-09-27 20:55:37, EncryptionLogger [INFO] key file created
2023-09-27 20:55:37, EncryptionLogger [INFO] the file is in: /Users/snir/IdeaProjects/SherlokHolmes/src/main/resources/files/a_key.txt
2023-09-27 20:55:37, EncryptionLogger [INFO] Starting to encrypt a.txt
2023-09-27 20:55:37, EncryptionLogger [INFO] Finished Encryption. the encryption for file a.txt with algorithm Double of Repeat of Xor with 7 repetition and Double of ShiftUp and Double of Xor and ShiftUp took 2 milliseconds. the encrypted file is located in /Users/snir/IdeaProjects/SherlokHolmes/src/main/resources/files/a.txt
2023-09-27 20:56:05, SherlokHolmes [ERROR] No line found
2023-09-27 20:56:05, SherlokHolmes [ERROR] No line found
2023-09-27 20:56:05, SherlokHolmes [ERROR] No line found
2023-09-27 20:56:05, SherlokHolmes [ERROR] No line found
2023-09-27 20:56:05, SherlokHolmes [ERROR] No line found
2023-09-27 20:56:05, SherlokHolmes [ERROR] No line found
2023-09-27 20:56:05, SherlokHolmes [ERROR] No line found
2023-09-27 20:56:05, SherlokHolmes [ERROR] No line found
2023-09-27 20:56:05, SherlokHolmes [ERROR] No line found
2023-09-27 20:56:05, SherlokHolmes [ERROR] No line found
2023-09-27 20:56:05, SherlokHolmes [ERROR] No line found
2023-09-27 20:56:05, SherlokHolmes [ERROR] No line found
2023-09-27 20:56:05, SherlokHolmes [ERROR] No line found
2023-09-27 20:56:05, SherlokHolmes [ERROR] No line found
2023-09-27 20:56:05, SherlokHolmes [ERROR] No line found
2023-09-27 20:56:05, SherlokHolmes [ERROR] No line found
2023-09-27 20:56:05, SherlokHolmes [ERROR] No line found
2023-09-27 20:56:05, SherlokHolmes [ERROR] No line found
2023-09-27 20:56:05, SherlokHolmes [ERROR] No line found
2023-09-27 20:56:05, SherlokHolmes [ERROR] No line found
2023-09-27 20:56:05, SherlokHolmes [ERROR] No line found
2023-09-27 20:56:05, SherlokHolmes [ERROR] No line found
2023-09-27 20:56:05, SherlokHolmes [ERROR] No line found
2023-09-27 20:56:05, SherlokHolmes [ERROR] No line found
2023-09-27 20:56:05, SherlokHolmes [ERROR] No line found
2023-09-27 20:56:05, SherlokHolmes [ERROR] No line found
2023-09-27 20:56:05, SherlokHolmes [ERROR] No line found
2023-09-27 20:56:05, SherlokHolmes [ERROR] No line found
2023-09-27 20:56:05, SherlokHolmes [ERROR] No line found
2023-09-27 20:56:05, SherlokHolmes [ERROR] No line found
2023-09-27 20:56:05, SherlokHolmes [ERROR] No line found
2023-09-27 20:56:05, SherlokHolmes [ERROR] No line found
2023-09-27 20:56:05, SherlokHolmes [ERROR] No line found
2023-09-27 20:56:05, SherlokHolmes [ERROR] No line found
2023-09-27 20:56:05, SherlokHolmes [ERROR] No line found
2023-09-27 20:56:05, SherlokHolmes [ERROR] No line found
2023-09-27 20:56:05, SherlokHolmes [ERROR] No line found
2023-09-27 20:56:05, SherlokHolmes [ERROR] No line found
2023-09-27 20:56:05, SherlokHolmes [ERROR] No line found
2023-09-27 20:56:05, SherlokHolmes [ERROR] No line found
2023-09-27 20:56:05, SherlokHolmes [ERROR] No line found
2023-09-27 20:56:05, SherlokHolmes [ERROR] No line found
2023-09-27 20:56:05, SherlokHolmes [ERROR] No line found
2023-09-27 20:56:05, SherlokHolmes [ERROR] No line found
2023-09-27 20:56:05, SherlokHolmes [ERROR] No line found
2023-09-27 20:56:05, SherlokHolmes [ERROR] No line found
2023-09-27 20:56:05, SherlokHolmes [ERROR] No line found
2023-09-27 20:56:05, SherlokHolmes [ERROR] No line found
2023-09-27 20:56:05, SherlokHolmes [ERROR] No line found
2023-09-27 20:56:05, SherlokHolmes [ERROR] No line found
2023-09-27 20:56:05, SherlokHolmes [ERROR] No line found
2023-09-27 20:56:05, SherlokHolmes [ERROR] No line found
2023-09-27 20:56:05, SherlokHolmes [ERROR] No line found
2023-09-27 20:56:05, SherlokHolmes [ERROR] No line found
2023-09-27 20:56:05, SherlokHolmes [ERROR] No line found
2023-09-27 20:56:05, SherlokHolmes [ERROR] No line found
2023-09-27 20:56:05, SherlokHolmes [ERROR] No line found
2023-09-27 20:56:05, SherlokHolmes [ERROR] No line found
2023-09-27 20:56:05, SherlokHolmes [ERROR] No line found
2023-09-27 20:56:05, SherlokHolmes [ERROR] No line found
2023-09-27 20:56:05, SherlokHolmes [ERROR] No line found
2023-09-27 20:56:05, SherlokHolmes [ERROR] No line found
2023-09-27 20:56:05, SherlokHolmes [ERROR] No line found
2023-09-27 20:56:05, SherlokHolmes [ERROR] No line found
2023-09-27 20:56:05, SherlokHolmes [ERROR] No line found
2023-09-27 20:56:05, SherlokHolmes [ERROR] No line found
2023-09-27 20:56:05, SherlokHolmes [ERROR] No line found
2023-09-27 20:56:05, SherlokHolmes [ERROR] No line found
2023-09-27 20:56:05, SherlokHolmes [ERROR] No line found
2023-09-27 20:56:05, SherlokHolmes [ERROR] No line found
2023-09-27 20:56:05, SherlokHolmes [ERROR] No line found
2023-09-27 20:56:05, SherlokHolmes [ERROR] No line found
2023-09-27 20:56:05, SherlokHolmes [ERROR] No line found
2023-09-27 20:56:05, SherlokHolmes [ERROR] No line found
2023-09-27 20:56:05, SherlokHolmes [ERROR] No line found
2023-09-27 20:56:05, SherlokHolmes [ERROR] No line found
2023-09-27 20:56:05, SherlokHolmes [ERROR] No line found
2023-09-27 20:56:05, SherlokHolmes [ERROR] No line found
2023-09-27 20:56:05, SherlokHolmes [ERROR] No line found
2023-09-27 20:56:05, SherlokHolmes [ERROR] No line found
2023-09-27 20:56:05, SherlokHolmes [ERROR] No line found
2023-09-27 20:56:05, SherlokHolmes [ERROR] No line found
2023-09-27 20:56:05, SherlokHolmes [ERROR] No line found
2023-09-27 20:56:05, SherlokHolmes [ERROR] No line found
2023-09-27 20:56:05, SherlokHolmes [ERROR] No line found
2023-09-27 20:56:05, SherlokHolmes [ERROR] No line found
2023-09-27 20:56:05, SherlokHolmes [ERROR] No line found
2023-09-27 20:56:05, SherlokHolmes [ERROR] No line found
2023-09-27 20:56:05, SherlokHolmes [ERROR] No line found
2023-09-27 20:56:05, SherlokHolmes [ERROR] No line found
2023-09-27 20:56:05, SherlokHolmes [ERROR] No line found
2023-09-27 20:56:05, SherlokHolmes [ERROR] No line found
2023-09-27 20:56:05, SherlokHolmes [ERROR] No line found
2023-09-27 20:56:05, SherlokHolmes [ERROR] No line found
2023-09-27 20:56:05, SherlokHolmes [ERROR] No line found
2023-09-27 20:56:05, SherlokHolmes [ERROR] No line found
2023-09-27 20:56:05, SherlokHolmes [ERROR] No line found
2023-09-27 20:56:05, SherlokHolmes [ERROR] No line found
2023-09-27 20:56:05, SherlokHolmes [ERROR] No line found
2023-09-27 20:56:05, SherlokHolmes [ERROR] No line found
2023-09-27 20:56:05, SherlokHolmes [ERROR] No line found
2023-09-27 20:56:05, SherlokHolmes [ERROR] No line found
2023-09-27 20:56:05, SherlokHolmes [ERROR] No line found
2023-09-27 20:56:05, SherlokHolmes [ERROR] No line found
2023-09-27 20:56:05, SherlokHolmes [ERROR] No line found
2023-09-27 20:56:05, SherlokHolmes [ERROR] No line found
2023-09-27 20:56:05, SherlokHolmes [ERROR] No line found
2023-09-27 20:56:05, SherlokHolmes [ERROR] No line found
2023-09-27 20:56:05, SherlokHolmes [ERROR] No line found
2023-09-27 20:56:05, SherlokHolmes [ERROR] No line found
2023-09-27 20:56:05, SherlokHolmes [ERROR] No line found
2023-09-27 20:56:05, SherlokHolmes [ERROR] No line found
2023-09-27 20:56:05, SherlokHolmes [ERROR] No line found
2023-09-27 20:56:05, SherlokHolmes [ERROR] No line found
2023-09-27 20:56:05, SherlokHolmes [ERROR] No line found
2023-09-27 20:56:05, SherlokHolmes [ERROR] No line found
2023-09-27 20:56:05, SherlokHolmes [ERROR] No line found
2023-09-27 20:56:05, SherlokHolmes [ERROR] No line found
2023-09-27 20:56:05, SherlokHolmes [ERROR] No line found
2023-09-27 20:56:05, SherlokHolmes [ERROR] No line found
2023-09-27 20:56:05, SherlokHolmes [ERROR] No line found
2023-09-27 20:56:05, SherlokHolmes [ERROR] No line found
2023-09-27 20:56:05, SherlokHolmes [ERROR] No line found
2023-09-27 20:56:05, SherlokHolmes [ERROR] No line found
2023-09-27 20:56:05, SherlokHolmes [ERROR] No line found
2023-09-27 20:56:05, SherlokHolmes [ERROR] No line found
2023-09-27 20:56:05, SherlokHolmes [ERROR] No line found
2023-09-27 20:56:05, SherlokHolmes [ERROR] No line found
2023-09-27 20:56:05, SherlokHolmes [ERROR] No line found
2023-09-27 20:56:05, SherlokHolmes [ERROR] No line found
2023-09-27 20:56:05, SherlokHolmes [ERROR] No line found
2023-09-27 20:56:05, SherlokHolmes [ERROR] No line found
2023-09-27 20:56:05, SherlokHolmes [ERROR] No line found
2023-09-27 20:56:05, SherlokHolmes [ERROR] No line found
2023-09-27 20:56:05, SherlokHolmes [ERROR] No line found
2023-09-27 20:56:05, SherlokHolmes [ERROR] No line found
2023-09-27 20:56:05, SherlokHolmes [ERROR] No line found
2023-09-27 20:56:05, SherlokHolmes [ERROR] No line found
2023-09-27 20:56:05, SherlokHolmes [ERROR] No line found
2023-09-27 20:56:05, SherlokHolmes [ERROR] No line found
2023-09-27 20:56:05, SherlokHolmes [ERROR] No line found
2023-09-27 20:56:05, SherlokHolmes [ERROR] No line found
2023-09-27 20:56:05, SherlokHolmes [ERROR] No line found
2023-09-27 20:56:05, SherlokHolmes [ERROR] No line found
2023-09-27 20:56:05, SherlokHolmes [ERROR] No line found
2023-09-27 20:56:05, SherlokHolmes [ERROR] No line found
2023-09-27 20:56:05, SherlokHolmes [ERROR] No line found
2023-09-27 20:56:05, SherlokHolmes [ERROR] No line found
2023-09-27 20:56:05, SherlokHolmes [ERROR] No line found
2023-09-27 20:56:05, SherlokHolmes [ERROR] No line found
2023-09-27 20:56:05, SherlokHolmes [ERROR] No line found
2023-09-27 20:56:05, SherlokHolmes [ERROR] No line found
2023-09-27 20:56:05, SherlokHolmes [ERROR] No line found
2023-09-27 20:56:05, SherlokHolmes [ERROR] No line found
2023-09-27 20:56:05, SherlokHolmes [ERROR] No line found
2023-09-27 20:56:05, SherlokHolmes [ERROR] No line found
2023-09-27 20:56:05, SherlokHolmes [ERROR] No line found
2023-09-27 20:56:05, SherlokHolmes [ERROR] No line found
2023-09-27 20:56:05, SherlokHolmes [ERROR] No line found
2023-09-27 20:56:05, SherlokHolmes [ERROR] No line found
2023-09-27 20:56:05, SherlokHolmes [ERROR] No line found
2023-09-27 20:56:05, SherlokHolmes [ERROR] No line found
2023-09-27 20:56:05, SherlokHolmes [ERROR] No line found
2023-09-27 20:56:05, SherlokHolmes [ERROR] No line found
2023-09-27 20:56:05, SherlokHolmes [ERROR] No line found
2023-09-27 20:56:05, SherlokHolmes [ERROR] No line found
2023-09-27 20:56:05, SherlokHolmes [ERROR] No line found
2023-09-27 20:56:05, SherlokHolmes [ERROR] No line found
2023-09-27 20:56:05, SherlokHolmes [ERROR] No line found
2023-09-27 20:56:05, SherlokHolmes [ERROR] No line found
2023-09-27 20:56:05, SherlokHolmes [ERROR] No line found
2023-09-27 20:56:05, SherlokHolmes [ERROR] No line found
2023-09-27 20:56:05, SherlokHolmes [ERROR] No line found
2023-09-27 20:56:05, SherlokHolmes [ERROR] No line found
2023-09-27 20:56:05, SherlokHolmes [ERROR] No line found
2023-09-27 20:56:05, SherlokHolmes [ERROR] No line found
2023-09-27 20:56:06, SherlokHolmes [ERROR] No line found
2023-09-27 20:56:06, SherlokHolmes [ERROR] No line found
2023-09-27 20:56:06, SherlokHolmes [ERROR] No line found
2023-09-27 20:56:06, SherlokHolmes [ERROR] No line found
2023-09-27 20:56:06, SherlokHolmes [ERROR] No line found
2023-09-27 20:56:06, SherlokHolmes [ERROR] No line found
2023-09-27 20:56:06, SherlokHolmes [ERROR] No line found
2023-09-27 20:56:06, SherlokHolmes [ERROR] No line found
2023-09-27 20:56:06, SherlokHolmes [ERROR] No line found
2023-09-27 20:56:06, SherlokHolmes [ERROR] No line found
2023-09-27 20:56:06, SherlokHolmes [ERROR] No line found
2023-09-27 20:56:06, SherlokHolmes [ERROR] No line found
2023-09-27 20:56:06, SherlokHolmes [ERROR] No line found
2023-09-27 20:56:06, SherlokHolmes [ERROR] No line found
2023-09-27 20:56:06, SherlokHolmes [ERROR] No line found
2023-09-27 20:56:06, SherlokHolmes [ERROR] No line found
2023-09-27 20:56:06, SherlokHolmes [ERROR] No line found
2023-09-27 20:56:06, SherlokHolmes [ERROR] No line found
2023-09-27 20:56:06, SherlokHolmes [ERROR] No line found
2023-09-27 20:56:06, SherlokHolmes [ERROR] No line found
2023-09-27 20:56:06, SherlokHolmes [ERROR] No line found
2023-09-27 20:56:06, SherlokHolmes [ERROR] No line found
2023-09-27 20:56:06, SherlokHolmes [ERROR] No line found
2023-09-27 20:56:06, SherlokHolmes [ERROR] No line found
2023-09-27 20:56:17, EncryptionLogger [INFO] Starting to decrypt a_encrypted.txt
2023-09-27 20:56:17, EncryptionLogger [INFO] Finished Decryption. the decryption for file a_encrypted.txt with algorithm Double of ShiftUp and Repeat of Xor with 3 repetition took 7milliseconds. The decrypted file is located in /Users/snir/IdeaProjects/SherlokHolmes/src/main/resources/files/a_encrypted.txt
2023-09-27 20:57:03, EncryptionLogger [INFO] Starting to decrypt a_encrypted.txt
2023-09-27 20:57:03, EncryptionLogger [INFO] Finished Decryption. the decryption for file a_encrypted.txt with algorithm Double of ShiftUp and Repeat of Xor with 3 repetition took 1milliseconds. The decrypted file is located in /Users/snir/IdeaProjects/SherlokHolmes/src/main/resources/files/a_encrypted.txt
2023-09-27 20:57:06, SherlokHolmes [ERROR] No line found
2023-09-27 20:57:06, SherlokHolmes [ERROR] No line found
2023-09-27 20:57:06, SherlokHolmes [ERROR] No line found
2023-09-27 20:57:06, SherlokHolmes [ERROR] No line found
2023-09-27 20:57:06, SherlokHolmes [ERROR] No line found
2023-09-27 20:57:06, SherlokHolmes [ERROR] No line found
2023-09-27 20:57:06, SherlokHolmes [ERROR] No line found
2023-09-27 20:57:06, SherlokHolmes [ERROR] No line found
2023-09-27 20:57:06, SherlokHolmes [ERROR] No line found
2023-09-27 20:57:06, SherlokHolmes [ERROR] No line found
2023-09-27 20:57:06, SherlokHolmes [ERROR] No line found
2023-09-27 20:57:06, SherlokHolmes [ERROR] No line found
2023-09-27 20:57:06, SherlokHolmes [ERROR] No line found
2023-09-27 20:57:06, SherlokHolmes [ERROR] No line found
2023-09-27 20:57:06, SherlokHolmes [ERROR] No line found
2023-09-27 20:57:06, SherlokHolmes [ERROR] No line found
2023-09-27 20:57:06, SherlokHolmes [ERROR] No line found
2023-09-27 20:57:06, SherlokHolmes [ERROR] No line found
2023-09-27 20:57:06, SherlokHolmes [ERROR] No line found
2023-09-27 20:57:06, SherlokHolmes [ERROR] No line found
2023-09-27 20:57:06, SherlokHolmes [ERROR] No line found
2023-09-27 20:57:06, SherlokHolmes [ERROR] No line found
2023-09-27 20:57:06, SherlokHolmes [ERROR] No line found
2023-09-27 20:57:06, SherlokHolmes [ERROR] No line found
2023-09-27 20:57:06, SherlokHolmes [ERROR] No line found
2023-09-27 20:57:06, SherlokHolmes [ERROR] No line found
2023-09-27 20:57:06, SherlokHolmes [ERROR] No line found
2023-09-27 20:57:06, SherlokHolmes [ERROR] No line found
2023-09-27 20:57:06, SherlokHolmes [ERROR] No line found
2023-09-27 20:57:06, SherlokHolmes [ERROR] No line found
2023-09-27 20:57:06, SherlokHolmes [ERROR] No line found
2023-09-27 20:57:06, SherlokHolmes [ERROR] No line found
2023-09-29 17:56:47, EncryptionLogger [INFO] key file created
2023-09-29 17:56:47, EncryptionLogger [INFO] the file is in: /Users/snir/IdeaProjects/SherlokHolmes/src/main/resources/files/a_key.txt
2023-09-29 17:56:47, EncryptionLogger [INFO] Starting to encrypt a.txt
2023-09-29 17:56:48, EncryptionLogger [INFO] Finished Encryption. the encryption for file a.txt with algorithm Double of Repeat of Xor with 7 repetition and Double of ShiftUp and Double of Xor and ShiftUp took 2 milliseconds. the encrypted file is located in /Users/snir/IdeaProjects/SherlokHolmes/src/main/resources/files/a.txt
2023-09-29 17:56:54, EncryptionLogger [INFO] Starting to decrypt a_encrypted.txt
2023-09-29 17:56:54, EncryptionLogger [INFO] Finished Decryption. the decryption for file a_encrypted.txt with algorithm Double of Repeat of Xor with 7 repetition and Double of ShiftUp and Double of Xor and ShiftUp took 1milliseconds. The decrypted file is located in /Users/snir/IdeaProjects/SherlokHolmes/src/main/resources/files/a_encrypted.txt
2023-09-29 17:57:13, EncryptionLogger [INFO] key file created
2023-09-29 17:57:13, EncryptionLogger [INFO] the file is in: /Users/snir/IdeaProjects/SherlokHolmes/src/main/resources/files/key.txt
2023-09-29 17:57:13, EncryptionLogger [INFO] Encrypt Directory: /Users/snir/IdeaProjects/SherlokHolmes/src/main/resources/files started
2023-09-29 17:57:13, EncryptionLogger [INFO] Starting to encrypt b.txt
2023-09-29 17:57:13, EncryptionLogger [INFO] Starting to encrypt a.txt
2023-09-29 17:57:13, EncryptionLogger [INFO] Finished Encryption. the encryption for file b.txt with algorithm Double of Repeat of Xor with 7 repetition and Double of ShiftUp and Double of Xor and ShiftUp took 1 milliseconds. the encrypted file is located in /Users/snir/IdeaProjects/SherlokHolmes/src/main/resources/files/b.txt
2023-09-29 17:57:13, EncryptionLogger [INFO] Finished Encryption. the encryption for file a.txt with algorithm Double of Repeat of Xor with 7 repetition and Double of ShiftUp and Double of Xor and ShiftUp took 1 milliseconds. the encrypted file is located in /Users/snir/IdeaProjects/SherlokHolmes/src/main/resources/files/a.txt
2023-09-29 17:57:13, EncryptionLogger [INFO] Encrypt Directory: /Users/snir/IdeaProjects/SherlokHolmes/src/main/resources/files ended and took 7 milliseconds
2023-09-29 17:57:20, EncryptionLogger [INFO] Decrypt Directory: /Users/snir/IdeaProjects/SherlokHolmes/src/main/resources/files started
2023-09-29 17:57:20, EncryptionLogger [INFO] Starting to decrypt b_encrypted.txt
2023-09-29 17:57:20, EncryptionLogger [INFO] Starting to decrypt a_encrypted.txt
2023-09-29 17:57:20, EncryptionLogger [INFO] Finished Decryption. the decryption for file b_encrypted.txt with algorithm Double of Repeat of Xor with 7 repetition and Double of ShiftUp and Double of Xor and ShiftUp took 1milliseconds. The decrypted file is located in /Users/snir/IdeaProjects/SherlokHolmes/src/main/resources/files/b_encrypted.txt
2023-09-29 17:57:20, EncryptionLogger [INFO] Finished Decryption. the decryption for file a_encrypted.txt with algorithm Double of Repeat of Xor with 7 repetition and Double of ShiftUp and Double of Xor and ShiftUp took 1milliseconds. The decrypted file is located in /Users/snir/IdeaProjects/SherlokHolmes/src/main/resources/files/a_encrypted.txt
2023-09-29 17:57:20, EncryptionLogger [INFO] Decrypt Directory: /Users/snir/IdeaProjects/SherlokHolmes/src/main/resources/files ended and took 5 milliseconds
2023-09-29 17:57:58, EncryptionLogger [INFO] Encrypt Directory: /Users/snir/IdeaProjects/SherlokHolmes/src/main/resources/files started
2023-09-29 17:57:58, EncryptionLogger [INFO] key file created
2023-09-29 17:57:58, EncryptionLogger [INFO] the file is in: /Users/snir/IdeaProjects/SherlokHolmes/src/main/resources/files/key.txt
2023-09-29 17:57:58, EncryptionLogger [INFO] Starting to encrypt a.txt
2023-09-29 17:57:58, EncryptionLogger [INFO] Finished Encryption. the encryption for file a.txt with algorithm Double of Repeat of Xor with 7 repetition and Double of ShiftUp and Double of Xor and ShiftUp took 1 milliseconds. the encrypted file is located in /Users/snir/IdeaProjects/SherlokHolmes/src/main/resources/files/a.txt
2023-09-29 17:57:58, EncryptionLogger [INFO] Starting to encrypt b.txt
2023-09-29 17:57:58, EncryptionLogger [INFO] Finished Encryption. the encryption for file b.txt with algorithm Double of Repeat of Xor with 7 repetition and Double of ShiftUp and Double of Xor and ShiftUp took 1 milliseconds. the encrypted file is located in /Users/snir/IdeaProjects/SherlokHolmes/src/main/resources/files/b.txt
2023-09-29 17:57:58, EncryptionLogger [INFO] Encrypt Directory: /Users/snir/IdeaProjects/SherlokHolmes/src/main/resources/files ended and took 8 milliseconds
2023-09-29 17:58:01, EncryptionLogger [INFO] Decrypt Directory: /Users/snir/IdeaProjects/SherlokHolmes/src/main/resources/files started
2023-09-29 17:58:01, EncryptionLogger [INFO] Starting to decrypt b_encrypted.txt
2023-09-29 17:58:01, EncryptionLogger [INFO] Finished Decryption. the decryption for file b_encrypted.txt with algorithm Double of Repeat of Xor with 7 repetition and Double of ShiftUp and Double of Xor and ShiftUp took 1milliseconds. The decrypted file is located in /Users/snir/IdeaProjects/SherlokHolmes/src/main/resources/files/b_encrypted.txt
2023-09-29 17:58:01, EncryptionLogger [INFO] Starting to decrypt a_encrypted.txt
2023-09-29 17:58:01, EncryptionLogger [INFO] Finished Decryption. the decryption for file a_encrypted.txt with algorithm Double of Repeat of Xor with 7 repetition and Double of ShiftUp and Double of Xor and ShiftUp took 1milliseconds. The decrypted file is located in /Users/snir/IdeaProjects/SherlokHolmes/src/main/resources/files/a_encrypted.txt
2023-09-29 17:58:01, EncryptionLogger [INFO] Decrypt Directory: /Users/snir/IdeaProjects/SherlokHolmes/src/main/resources/files ended and took 5 milliseconds
2023-09-29 17:58:55, EncryptionLogger [INFO] key file created
2023-09-29 17:58:55, EncryptionLogger [INFO] the file is in: /Users/snir/IdeaProjects/SherlokHolmes/src/main/resources/files/a_key.txt
2023-09-29 17:58:55, EncryptionLogger [INFO] Starting to encrypt a.txt
2023-09-29 17:58:55, EncryptionLogger [INFO] Finished Encryption. the encryption for file a.txt with algorithm Double of ShiftUp and Repeat of Xor with 3 repetition took 1 milliseconds. the encrypted file is located in /Users/snir/IdeaProjects/SherlokHolmes/src/main/resources/files/a.txt
2023-09-29 17:59:24, EncryptionLogger [INFO] Starting to decrypt a_encrypted.txt
2023-09-29 17:59:24, EncryptionLogger [INFO] Finished Decryption. the decryption for file a_encrypted.txt with algorithm Double of ShiftUp and Repeat of Xor with 3 repetition took 3milliseconds. The decrypted file is located in /Users/snir/IdeaProjects/SherlokHolmes/src/main/resources/files/a_encrypted.txt
2023-09-30 20:10:15, EncryptionLogger [INFO] key file created
2023-09-30 20:10:15, EncryptionLogger [INFO] the file is in: /Users/snir/IdeaProjects/SherlokHolmes/src_key.txt
2023-09-30 20:10:15, SherlokHolmes [ERROR] /Users/snir/IdeaProjects/SherlokHolmes/src (Is a directory)
2023-10-01 07:54:05, EncryptionLogger [INFO] key file created
2023-10-01 07:54:05, EncryptionLogger [INFO] the file is in: /Users/snir/IdeaProjects/SherlokHolmes/src/main/resources/files/a_key.txt
2023-10-01 07:54:05, EncryptionLogger [INFO] Starting to encrypt a.txt
2023-10-01 07:54:05, EncryptionLogger [INFO] Finished Encryption. the encryption for file a.txt with algorithm Double of Repeat of Xor with 7 repetition and Double of ShiftUp and Double of Xor and ShiftUp took 1 milliseconds. the encrypted file is located in /Users/snir/IdeaProjects/SherlokHolmes/src/main/resources/files/a.txt
2023-10-01 07:54:18, EncryptionLogger [INFO] Starting to decrypt a_encrypted.txt
2023-10-01 07:54:18, EncryptionLogger [INFO] Finished Decryption. the decryption for file a_encrypted.txt with algorithm Double of Repeat of Xor with 7 repetition and Double of ShiftUp and Double of Xor and ShiftUp took 1milliseconds. The decrypted file is located in /Users/snir/IdeaProjects/SherlokHolmes/src/main/resources/files/a_encrypted.txt
2023-10-01 07:54:43, EncryptionLogger [INFO] key file created
2023-10-01 07:54:43, EncryptionLogger [INFO] the file is in: /Users/snir/IdeaProjects/SherlokHolmes/src/main/resources/files/key.txt
2023-10-01 07:54:43, EncryptionLogger [INFO] Encrypt Directory: /Users/snir/IdeaProjects/SherlokHolmes/src/main/resources/files started
2023-10-01 07:54:43, EncryptionLogger [INFO] Starting to encrypt a.txt
2023-10-01 07:54:43, EncryptionLogger [INFO] Starting to encrypt b.txt
2023-10-01 07:54:43, EncryptionLogger [INFO] Finished Encryption. the encryption for file a.txt with algorithm Double of Repeat of Xor with 7 repetition and Double of ShiftUp and Double of Xor and ShiftUp took 0 milliseconds. the encrypted file is located in /Users/snir/IdeaProjects/SherlokHolmes/src/main/resources/files/a.txt
2023-10-01 07:54:43, EncryptionLogger [INFO] Finished Encryption. the encryption for file b.txt with algorithm Double of Repeat of Xor with 7 repetition and Double of ShiftUp and Double of Xor and ShiftUp took 1 milliseconds. the encrypted file is located in /Users/snir/IdeaProjects/SherlokHolmes/src/main/resources/files/b.txt
2023-10-01 07:54:43, EncryptionLogger [INFO] Encrypt Directory: /Users/snir/IdeaProjects/SherlokHolmes/src/main/resources/files ended and took 7 milliseconds
2023-10-01 07:54:51, EncryptionLogger [INFO] Decrypt Directory: /Users/snir/IdeaProjects/SherlokHolmes/src/main/resources/files started
2023-10-01 07:54:51, EncryptionLogger [INFO] Starting to decrypt b_encrypted.txt
2023-10-01 07:54:51, EncryptionLogger [INFO] Starting to decrypt a_encrypted.txt
2023-10-01 07:54:51, EncryptionLogger [INFO] Finished Decryption. the decryption for file a_encrypted.txt with algorithm Double of Repeat of Xor with 7 repetition and Double of ShiftUp and Double of Xor and ShiftUp took 1milliseconds. The decrypted file is located in /Users/snir/IdeaProjects/SherlokHolmes/src/main/resources/files/a_encrypted.txt
2023-10-01 07:54:51, EncryptionLogger [INFO] Finished Decryption. the decryption for file b_encrypted.txt with algorithm Double of Repeat of Xor with 7 repetition and Double of ShiftUp and Double of Xor and ShiftUp took 1milliseconds. The decrypted file is located in /Users/snir/IdeaProjects/SherlokHolmes/src/main/resources/files/b_encrypted.txt
2023-10-01 07:54:51, EncryptionLogger [INFO] Decrypt Directory: /Users/snir/IdeaProjects/SherlokHolmes/src/main/resources/files ended and took 6 milliseconds
2023-10-01 07:55:54, EncryptionLogger [INFO] Encrypt Directory: /Users/snir/IdeaProjects/SherlokHolmes/src/main/resources/files started
2023-10-01 07:55:54, EncryptionLogger [INFO] key file created
2023-10-01 07:55:54, EncryptionLogger [INFO] the file is in: /Users/snir/IdeaProjects/SherlokHolmes/src/main/resources/files/key.txt
2023-10-01 07:55:54, EncryptionLogger [INFO] Starting to encrypt a.txt
2023-10-01 07:55:54, EncryptionLogger [INFO] Finished Encryption. the encryption for file a.txt with algorithm Double of Repeat of Xor with 7 repetition and Double of ShiftUp and Double of Xor and ShiftUp took 2 milliseconds. the encrypted file is located in /Users/snir/IdeaProjects/SherlokHolmes/src/main/resources/files/a.txt
2023-10-01 07:55:54, EncryptionLogger [INFO] Starting to encrypt b.txt
2023-10-01 07:55:54, EncryptionLogger [INFO] Finished Encryption. the encryption for file b.txt with algorithm Double of Repeat of Xor with 7 repetition and Double of ShiftUp and Double of Xor and ShiftUp took 1 milliseconds. the encrypted file is located in /Users/snir/IdeaProjects/SherlokHolmes/src/main/resources/files/b.txt
2023-10-01 07:55:54, EncryptionLogger [INFO] Encrypt Directory: /Users/snir/IdeaProjects/SherlokHolmes/src/main/resources/files ended and took 9 milliseconds
2023-10-01 07:55:59, EncryptionLogger [INFO] Decrypt Directory: /Users/snir/IdeaProjects/SherlokHolmes/src/main/resources/files started
2023-10-01 07:55:59, EncryptionLogger [INFO] Starting to decrypt b_encrypted.txt
2023-10-01 07:55:59, EncryptionLogger [INFO] Finished Decryption. the decryption for file b_encrypted.txt with algorithm Double of Repeat of Xor with 7 repetition and Double of ShiftUp and Double of Xor and ShiftUp took 1milliseconds. The decrypted file is located in /Users/snir/IdeaProjects/SherlokHolmes/src/main/resources/files/b_encrypted.txt
2023-10-01 07:55:59, EncryptionLogger [INFO] Starting to decrypt a_encrypted.txt
2023-10-01 07:55:59, EncryptionLogger [INFO] Finished Decryption. the decryption for file a_encrypted.txt with algorithm Double of Repeat of Xor with 7 repetition and Double of ShiftUp and Double of Xor and ShiftUp took 1milliseconds. The decrypted file is located in /Users/snir/IdeaProjects/SherlokHolmes/src/main/resources/files/a_encrypted.txt
2023-10-01 07:55:59, EncryptionLogger [INFO] Decrypt Directory: /Users/snir/IdeaProjects/SherlokHolmes/src/main/resources/files ended and took 7 milliseconds
2023-10-01 07:57:03, EncryptionLogger [INFO] key file created
2023-10-01 07:57:03, EncryptionLogger [INFO] the file is in: /Users/snir/IdeaProjects/SherlokHolmes/src/main/resources/files/a_key.txt
2023-10-01 07:57:03, EncryptionLogger [INFO] Starting to encrypt a.txt
2023-10-01 07:57:03, EncryptionLogger [INFO] Finished Encryption. the encryption for file a.txt with algorithm Double of ShiftUp and Repeat of Xor with 3 repetition took 2 milliseconds. the encrypted file is located in /Users/snir/IdeaProjects/SherlokHolmes/src/main/resources/files/a.txt
2023-10-01 07:57:32, EncryptionLogger [INFO] Starting to decrypt a_encrypted.txt
2023-10-01 07:57:32, EncryptionLogger [INFO] Finished Decryption. the decryption for file a_encrypted.txt with algorithm Double of ShiftUp and Repeat of Xor with 3 repetition took 2milliseconds. The decrypted file is located in /Users/snir/IdeaProjects/SherlokHolmes/src/main/resources/files/a_encrypted.txt
2023-10-01 08:00:24, EncryptionLogger [INFO] key file created
2023-10-01 08:00:24, EncryptionLogger [INFO] the file is in: /Users/snir/IdeaProjects/SherlokHolmes/src/main/resources/files/key.txt
2023-10-01 08:03:29, EncryptionLogger [INFO] Encrypt Directory: /Users/snir/IdeaProjects/SherlokHolmes/src/main/resources/files started
2023-10-01 08:04:05, EncryptionLogger [INFO] Starting to encrypt a.txt
2023-10-01 08:04:05, EncryptionLogger [INFO] Starting to encrypt b.txt
2023-10-01 08:04:05, EncryptionLogger [INFO] Finished Encryption. the encryption for file b.txt with algorithm Double of Repeat of Xor with 7 repetition and Double of ShiftUp and Double of Xor and ShiftUp took 2 milliseconds. the encrypted file is located in /Users/snir/IdeaProjects/SherlokHolmes/src/main/resources/files/b.txt
2023-10-01 08:04:05, EncryptionLogger [INFO] Finished Encryption. the encryption for file a.txt with algorithm Double of Repeat of Xor with 7 repetition and Double of ShiftUp and Double of Xor and ShiftUp took 2 milliseconds. the encrypted file is located in /Users/snir/IdeaProjects/SherlokHolmes/src/main/resources/files/a.txt
2023-10-01 08:04:15, EncryptionLogger [INFO] Encrypt Directory: /Users/snir/IdeaProjects/SherlokHolmes/src/main/resources/files ended and took 26673 milliseconds
